<?xml version="1.0" encoding="UTF-8"?>
<shiporder orderid="889923"
           xmlns:xsi="http://www.w3.org/2001/XMLSchema-instance"
           xsi:noNamespaceSchemaLocation="shiporder.xsd">
    <orderperson>Steve Smith</orderperson>
    <shipto>
        <name>Somebody</name>
        <address>Some Street</address>
        <city>London</city>
        <country>United Kingdom</country>
    </shipto>
    <item>
        <title>The Beatles: Let It Be</title>
        <note>Special Edition</note>
        <quantity>1</quantity>
        <price>8.99</price>
    </item>
    <item>
        <title>The Beatles: Abbey Road</title>
        <note>Special Edition</note>
        <quantity>1</quantity>
        <price>8.99</price>
    </item>
    <item>
        <title>Dictionary</title>
        <quantity>1</quantity>
        <price>9.90</price>
    </item>
    <item>
        <title>Encyclopedia Britannica</title>
        <quantity>1</quantity>
        <price>149.99</price>
    </item>
</shiporder>
